<?xml version="1.0" encoding="UTF-8"?>
<!-- Generated by org.testng.reporters.JUnitReportReporter -->
<testsuite hostname="DESKTOP-MO9OVGV" failures="0" tests="6" name="testcases.ContactPageTest" time="178.765" errors="0" timestamp="2023-03-04T09:58:41 GMT" skipped="0">
  <testcase classname="testcases.ContactPageTest" name="VerifyErrorMessages" time="10.899"/>
  <system-out/>
  <testcase classname="testcases.ContactPageTest" name="VerifyErrorMessages" time="15.230"/>
  <system-out/>
  <testcase classname="testcases.ContactPageTest" name="VerifyErrorMessages" time="10.467"/>
  <system-out/>
  <testcase classname="testcases.ContactPageTest" name="VerifyUserAbleToFillForm" time="56.121"/>
  <system-out/>
  <testcase classname="testcases.ContactPageTest" name="VerifyUserAbleToFillForm" time="40.972"/>
  <system-out/>
  <testcase classname="testcases.ContactPageTest" name="VerifyUserAbleToFillForm" time="45.076"/>
  <system-out/>
</testsuite> <!-- testcases.ContactPageTest -->
