<?xml version="1.0" encoding="UTF-8"?>
<!-- Generated by org.testng.reporters.JUnitReportReporter -->
<testsuite hostname="DESKTOP-MO9OVGV" failures="0" tests="6" name="testcases.LoginTest" time="41.986" errors="0" timestamp="2023-03-04T09:58:41 GMT" skipped="0">
  <testcase classname="testcases.LoginTest" name="verifyTitle" time="3.947"/>
  <system-out/>
  <testcase classname="testcases.LoginTest" name="verifyTitle" time="8.221"/>
  <system-out/>
  <testcase classname="testcases.LoginTest" name="verifyTitle" time="4.266"/>
  <system-out/>
  <testcase classname="testcases.LoginTest" name="clickOnContactPage" time="6.477"/>
  <system-out/>
  <testcase classname="testcases.LoginTest" name="clickOnContactPage" time="11.166"/>
  <system-out/>
  <testcase classname="testcases.LoginTest" name="clickOnContactPage" time="7.909"/>
  <system-out/>
</testsuite> <!-- testcases.LoginTest -->
